#HEADER   Base Pairing/Triplet Scheme for Structure File/data/preprocessed/4
#HEADER   HT option was selected to consider non-natural nucleotides also
#HEADER   Base Pairing/Triplet Scheme for Structure File/data/preprocessed/4
#HEADER   Program BPFIND run with the following options:
#HEADER   Distance cutoff: 3.8   Angle cutoff: 120.0   E-value cutoff: 1.8
#HEADER   Cleaned number of residues:     71
#=====
# Generated by BPFIND release June 2020, version  2.1.17
#=====
#===============================================================================
#Column starting from > mark represent the following:
#>Serial number of nucleotides
#------>Residue number as in PDB
#---------------->Residue name
#------------------>PDB_ins_code. Useful in tRNA with long variable loop
#-------------------->Chain ID
#---------------------->Serial number of the paired base
#------------------------------>Residue number of the paired base as in PDB
#--------------------------------------->Residue name of the paired base
#----------------------------------------->PDB_ins_code of the paired residue
#------------------------------------------->Chain ID of the paired base
#----------------------------------------------->Base pair type
#----------------------------------------------------->Base pair indicator
#------------------------------------------------------->E-value indicating base pair deformation
#-------------------------------------------------------------->Equivalent information for other pairs, such as in base triples
     1       1 GTP ? C   
     2       2   G ? C   
     3       3   A ? C       53    53   U ? C    W:WC BP 0.29
     4       4   A ? C       52    52   U ? C    W:WC BP 0.50
     5       5   G ? C       51    51   C ? C    W:WC BP 0.26
     6       6   G ? C       60    65   A ? C    s:sT BP 0.64
     7       7   U ? C   
     8       8   U ? C       62    67   A ? C    W:HC BP 0.22
     9       9   U ? C       63    68   A ? C    W:HC BP 0.35
    10      10   U ? C       64    69   A ? C    W:HC BP 0.41
    11      11   U ? C       65    70   A ? C    W:HC BP 0.52
    12      12   C ? C       66    71   G ? C    +:HC BP 0.38
    13      13   U ? C       68    73   A ? C    W:HC BP 0.28
    14      14   U ? C       69    74   A ? C    W:HC BP 0.24
    15      15   U ? C       70    75   A ? C    W:HC BP 0.48
    16      16   U ? C       71    76 A23 ? C    W:HC BP 1.76
    17      17   C ? C       36    36   G ? C    W:WC BP 0.26
    18      18   C ? C       35    35   G ? C    W:WC BP 0.22
    19      19   U ? C       34    34   A ? C    W:WC BP 0.24
    20      20   G ? C       33    33   C ? C    W:WC BP 0.19
    21      21   A ? C       32    32   U ? C    W:WC BP 0.39
    22      22   G ? C       31    31   C ? C    W:WC BP 0.47
    23      23   G ? C       30    30   U ? C    W:WC BP 0.04
    24      24   C ? C       29    29   G ? C    W:WC BP 0.24
    25      25   G ? C   
    26      26   A ? C   
    27      27   A ? C   
    28      28   A ? C   
    29      29   G ? C       24    24   C ? C    W:WC BP 0.24
    30      30   U ? C       23    23   G ? C    W:WC BP 0.04
    31      31   C ? C       22    22   G ? C    W:WC BP 0.47
    32      32   U ? C       21    21   A ? C    W:WC BP 0.39
    33      33   C ? C       20    20   G ? C    W:WC BP 0.19
    34      34   A ? C       19    19   U ? C    W:WC BP 0.24
    35      35   G ? C       18    18   C ? C    W:WC BP 0.22
    36      36   G ? C       17    17   C ? C    W:WC BP 0.26
    37      37   U ? C       71    76 A23 ? C    W:WC BP 1.02
    38      38   U ? C       70    75   A ? C    W:WC BP 0.31
    39      39   U ? C       69    74   A ? C    W:WC BP 0.34
    40      40   U ? C       68    73   A ? C    W:WC BP 0.30
    41      41   G ? C       67    72   C ? C    W:WC BP 0.25
    42      42   C ? C       66    71   G ? C    W:WC BP 0.31
    43      43   U ? C       65    70   A ? C    W:WC BP 0.25
    44      44   U ? C       64    69   A ? C    W:WC BP 0.28
    45      45   U ? C       63    68   A ? C    W:WC BP 0.20
    46      46   U ? C       62    67   A ? C    W:WC BP 0.33
    47      47   U ? C   
    48      48   G ? C   
    49      49   G ? C   
    50      50   C ? C   
    51      51   C ? C        5     5   G ? C    W:WC BP 0.26    59    64   A ? C    s:sC TP 1.13
    52      52   U ? C        4     4   A ? C    W:WC BP 0.50
    53      53   U ? C        3     3   A ? C    W:WC BP 0.29
    54      54   U ? C   
    55      60   A ? C   
    56      61   A ? C   
    57      62   A ? C   
    58      63   A ? C   
    59      64   A ? C       51    51   C ? C    s:sC BP 1.13
    60      65   A ? C        6     6   G ? C    s:sT BP 0.64
    61      66   A ? C   
    62      67   A ? C        8     8   U ? C    H:WC BP 0.22    46    46   U ? C    W:WC TP 0.33
    63      68   A ? C        9     9   U ? C    H:WC BP 0.35    45    45   U ? C    W:WC TP 0.20
    64      69   A ? C       10    10   U ? C    H:WC BP 0.41    44    44   U ? C    W:WC TP 0.28
    65      70   A ? C       11    11   U ? C    H:WC BP 0.52    43    43   U ? C    W:WC TP 0.25
    66      71   G ? C       12    12   C ? C    H:+C BP 0.38    42    42   C ? C    W:WC TP 0.31
    67      72   C ? C       41    41   G ? C    W:WC BP 0.25
    68      73   A ? C       40    40   U ? C    W:WC BP 0.30    13    13   U ? C    H:WC TP 0.28
    69      74   A ? C       39    39   U ? C    W:WC BP 0.34    14    14   U ? C    H:WC TP 0.24
    70      75   A ? C       38    38   U ? C    W:WC BP 0.31    15    15   U ? C    H:WC TP 0.48
    71      76 A23 ? C       37    37   U ? C    W:WC BP 1.02    16    16   U ? C    H:WC TP 1.76
