#HEADER   Base Pairing/Triplet Scheme for Structure File/data/preprocessed/4
#HEADER   HT option was selected to consider non-natural nucleotides also
#HEADER   Base Pairing/Triplet Scheme for Structure File/data/preprocessed/4
#HEADER   Program BPFIND run with the following options:
#HEADER   Distance cutoff: 3.8   Angle cutoff: 120.0   E-value cutoff: 1.8
#HEADER   Cleaned number of residues:     73
#=====
# Generated by BPFIND release June 2020, version  2.1.17
#=====
#===============================================================================
#Column starting from > mark represent the following:
#>Serial number of nucleotides
#------>Residue number as in PDB
#---------------->Residue name
#------------------>PDB_ins_code. Useful in tRNA with long variable loop
#-------------------->Chain ID
#---------------------->Serial number of the paired base
#------------------------------>Residue number of the paired base as in PDB
#--------------------------------------->Residue name of the paired base
#----------------------------------------->PDB_ins_code of the paired residue
#------------------------------------------->Chain ID of the paired base
#----------------------------------------------->Base pair type
#----------------------------------------------------->Base pair indicator
#------------------------------------------------------->E-value indicating base pair deformation
#-------------------------------------------------------------->Equivalent information for other pairs, such as in base triples
     1       1 GTP ? B   
     2       2   G ? B       54    54   U ? B    W:WC BP 0.78
     3       3   A ? B   
     4       4   A ? B       52    52   U ? B    W:WC BP 0.29
     5       5   G ? B       51    51   C ? B    W:WC BP 0.28
     6       6   G ? B       50    50   C ? B    W:WC BP 0.24    62    65   A ? B    s:sT TP 0.63
     7       7   U ? B   
     8       8   U ? B       64    67   A ? B    W:HC BP 0.39
     9       9   U ? B       65    68   A ? B    W:HC BP 0.51
    10      10   U ? B       66    69   A ? B    W:HC BP 0.46
    11      11   U ? B       67    70   A ? B    W:HC BP 0.54
    12      12   C ? B       68    71   G ? B    +:HC BP 0.35
    13      13   U ? B       70    73   A ? B    W:HC BP 0.32
    14      14   U ? B       71    74   A ? B    W:HC BP 0.26
    15      15   U ? B       72    75   A ? B    W:HC BP 0.44
    16      16   U ? B       73    76 A23 ? B    W:HC BP 0.41
    17      17   C ? B       36    36   G ? B    W:WC BP 0.23
    18      18   C ? B       35    35   G ? B    W:WC BP 0.23
    19      19   U ? B       34    34   A ? B    W:WC BP 0.36
    20      20   G ? B       33    33   C ? B    W:WC BP 0.28
    21      21   A ? B       32    32   U ? B    W:WC BP 0.28
    22      22   G ? B       31    31   C ? B    W:WC BP 0.25
    23      23   G ? B       30    30   U ? B    W:WC BP 0.08
    24      24   C ? B       29    29   G ? B    W:WC BP 0.26
    25      25   G ? B   
    26      26   A ? B   
    27      27   A ? B   
    28      28   A ? B   
    29      29   G ? B       24    24   C ? B    W:WC BP 0.26
    30      30   U ? B       23    23   G ? B    W:WC BP 0.08
    31      31   C ? B       22    22   G ? B    W:WC BP 0.25
    32      32   U ? B       21    21   A ? B    W:WC BP 0.28
    33      33   C ? B       20    20   G ? B    W:WC BP 0.28
    34      34   A ? B       19    19   U ? B    W:WC BP 0.36
    35      35   G ? B       18    18   C ? B    W:WC BP 0.23
    36      36   G ? B       17    17   C ? B    W:WC BP 0.23
    37      37   U ? B       73    76 A23 ? B    W:WC BP 0.24
    38      38   U ? B       72    75   A ? B    W:WC BP 0.27
    39      39   U ? B       71    74   A ? B    W:WC BP 0.23
    40      40   U ? B       70    73   A ? B    W:WC BP 0.21
    41      41   G ? B       69    72   C ? B    W:WC BP 0.29
    42      42   C ? B       68    71   G ? B    W:WC BP 0.33
    43      43   U ? B       67    70   A ? B    W:WC BP 0.28
    44      44   U ? B       66    69   A ? B    W:WC BP 0.25
    45      45   U ? B       65    68   A ? B    W:WC BP 0.20
    46      46   U ? B       64    67   A ? B    W:WC BP 0.25
    47      47   U ? B   
    48      48   G ? B   
    49      49   G ? B   
    50      50   C ? B        6     6   G ? B    W:WC BP 0.24
    51      51   C ? B        5     5   G ? B    W:WC BP 0.28    61    64   A ? B    s:sC TP 1.10
    52      52   U ? B        4     4   A ? B    W:WC BP 0.29
    53      53   U ? B   
    54      54   U ? B        2     2   G ? B    W:WC BP 0.78
    55      55   C ? B   
    56      59   A ? B   
    57      60   A ? B   
    58      61   A ? B   
    59      62   A ? B   
    60      63   A ? B   
    61      64   A ? B       51    51   C ? B    s:sC BP 1.10
    62      65   A ? B        6     6   G ? B    s:sT BP 0.63
    63      66   A ? B   
    64      67   A ? B       46    46   U ? B    W:WC BP 0.25     8     8   U ? B    H:WC TP 0.39
    65      68   A ? B       45    45   U ? B    W:WC BP 0.20     9     9   U ? B    H:WC TP 0.51
    66      69   A ? B       44    44   U ? B    W:WC BP 0.25    10    10   U ? B    H:WC TP 0.46
    67      70   A ? B       43    43   U ? B    W:WC BP 0.28    11    11   U ? B    H:WC TP 0.54
    68      71   G ? B       42    42   C ? B    W:WC BP 0.33    12    12   C ? B    H:+C TP 0.35
    69      72   C ? B       41    41   G ? B    W:WC BP 0.29
    70      73   A ? B       40    40   U ? B    W:WC BP 0.21    13    13   U ? B    H:WC TP 0.32
    71      74   A ? B       39    39   U ? B    W:WC BP 0.23    14    14   U ? B    H:WC TP 0.26
    72      75   A ? B       38    38   U ? B    W:WC BP 0.27    15    15   U ? B    H:WC TP 0.44
    73      76 A23 ? B       37    37   U ? B    W:WC BP 0.24    16    16   U ? B    H:WC TP 0.41
