# ./barnaba/bin/barnaba ANNOTATE --pdb /data/preprocessed/2K95_A.pdb 
#RES1       RES2       ANNO 
# sequence G_93_0-G_94_0-G_95_0-C_96_0-U_97_0-G_98_0-U_99_0-U_100_0-U_101_0-U_102_0-U_103_0-C_104_0-U_105_0-C_106_0-G_107_0-C_108_0-U_109_0-G_110_0-A_111_0-C_112_0-U_113_0-U_114_0-U_115_0-C_116_0-A_117_0-G_118_0-C_119_0-C_120_0-C_121_0-C_166_0-A_167_0-A_168_0-A_169_0-C_170_0-A_171_0-A_172_0-A_173_0-A_174_0-A_175_0-A_176_0-U_177_0-G_178_0-U_179_0-C_180_0-A_181_0-G_182_0-C_183_0-A_184_0
# PDB 2K95_A.pdb 
G_93_0     G_94_0       >> 
G_95_0     C_96_0       >> 
C_96_0     U_97_0       >> 
G_98_0     A_117_0      <> 
U_99_0     U_100_0      >> 
U_99_0     A_172_0      << 
U_102_0    U_103_0      >> 
G_107_0    C_108_0      >> 
G_107_0    A_184_0      <> 
C_108_0    U_109_0      >> 
G_110_0    A_111_0      >> 
G_110_0    A_181_0      <> 
A_111_0    C_112_0      >> 
U_113_0    U_114_0      >> 
U_114_0    U_115_0      >> 
U_115_0    C_116_0      >> 
U_115_0    A_175_0      <> 
A_117_0    G_118_0      >> 
G_118_0    C_119_0      >> 
C_119_0    C_120_0      >> 
C_120_0    C_121_0      >> 
A_167_0    A_168_0      >> 
A_169_0    C_170_0      >> 
A_171_0    A_172_0      >> 
A_173_0    A_174_0      >> 
A_174_0    A_175_0      >> 
G_178_0    U_179_0      >> 
A_181_0    G_182_0      >> 
G_182_0    C_183_0      >> 
